<?xml version="1.0" encoding="UTF-8"?>
<!-- Generated by org.testng.reporters.JUnitReportReporter -->
<testsuite skipped="0" hostname="T460" name="testcases.TestCasesExistingBooking" tests="9" failures="0" timestamp="01 Aug 2021 10:46:09 GMT" time="17.864" errors="0">
  <testcase name="getListOfBooking" time="5.393" classname="testcases.TestCasesExistingBooking"/>
  <testcase name="getExistingBookingById" time="1.323" classname="testcases.TestCasesExistingBooking"/>
  <testcase name="updateExistingBookingWithoutToken" time="1.943" classname="testcases.TestCasesExistingBooking"/>
  <testcase name="patchExistingBookingWithoutToken" time="1.530" classname="testcases.TestCasesExistingBooking"/>
  <testcase name="generateToken" time="2.175" classname="testcases.TestCasesExistingBooking"/>
  <testcase name="updateExistingBooking" time="1.595" classname="testcases.TestCasesExistingBooking"/>
  <testcase name="getLastUpdatedExistingBooking" time="1.275" classname="testcases.TestCasesExistingBooking"/>
  <testcase name="patchLastUpdatedExistingBooking" time="1.379" classname="testcases.TestCasesExistingBooking"/>
  <testcase name="deleteExistingBooking" time="1.251" classname="testcases.TestCasesExistingBooking"/>
</testsuite> <!-- testcases.TestCasesExistingBooking -->
