<?xml version="1.0" encoding="UTF-8"?>
<!-- Generated by org.testng.reporters.JUnitReportReporter -->
<testsuite skipped="0" hostname="T460" name="testcases.TestCasesExistingBooking" tests="9" failures="0" timestamp="01 Aug 2021 10:14:58 GMT" time="16.499" errors="0">
  <testcase name="getListOfBooking" time="4.429" classname="testcases.TestCasesExistingBooking"/>
  <testcase name="getExistingBookingById" time="1.559" classname="testcases.TestCasesExistingBooking"/>
  <testcase name="updateExistingBookingWithoutToken" time="1.885" classname="testcases.TestCasesExistingBooking"/>
  <testcase name="patchExistingBookingWithoutToken" time="1.475" classname="testcases.TestCasesExistingBooking"/>
  <testcase name="generateToken" time="2.031" classname="testcases.TestCasesExistingBooking"/>
  <testcase name="updateExistingBooking" time="1.267" classname="testcases.TestCasesExistingBooking"/>
  <testcase name="getLastUpdatedExistingBooking" time="1.220" classname="testcases.TestCasesExistingBooking"/>
  <testcase name="patchLastUpdatedExistingBooking" time="1.330" classname="testcases.TestCasesExistingBooking"/>
  <testcase name="deleteExistingBooking" time="1.303" classname="testcases.TestCasesExistingBooking"/>
</testsuite> <!-- testcases.TestCasesExistingBooking -->
