<?xml version="1.0" encoding="UTF-8"?>
<!-- Generated by org.testng.reporters.JUnitReportReporter -->
<testsuite skipped="0" hostname="T460" name="testcases.TestCasesNewBooking" tests="9" failures="0" timestamp="01 Aug 2021 10:14:58 GMT" time="11.386" errors="0">
  <testcase name="getListOfBooking" time="1.309" classname="testcases.TestCasesNewBooking"/>
  <testcase name="createBooking" time="1.287" classname="testcases.TestCasesNewBooking"/>
  <testcase name="getLastCreatedBookingById" time="1.232" classname="testcases.TestCasesNewBooking"/>
  <testcase name="generateToken" time="1.294" classname="testcases.TestCasesNewBooking"/>
  <testcase name="updateLastCreatedBooking" time="1.330" classname="testcases.TestCasesNewBooking"/>
  <testcase name="getLastUpdatedBooking" time="1.161" classname="testcases.TestCasesNewBooking"/>
  <testcase name="patchLastUpdatedBooking" time="1.333" classname="testcases.TestCasesNewBooking"/>
  <testcase name="deleteLastCreatedBooking" time="1.159" classname="testcases.TestCasesNewBooking"/>
  <testcase name="getLastDeletedBooking" time="1.281" classname="testcases.TestCasesNewBooking"/>
</testsuite> <!-- testcases.TestCasesNewBooking -->
