<?xml version="1.0" encoding="UTF-8"?>
<!-- Generated by org.testng.reporters.JUnitReportReporter -->
<testsuite skipped="0" hostname="T460" name="testcases.TestCasesNewBooking" tests="9" failures="0" timestamp="01 Aug 2021 08:57:55 GMT" time="11.224" errors="0">
  <testcase name="getListOfBooking" time="1.200" classname="testcases.TestCasesNewBooking"/>
  <testcase name="createBooking" time="1.275" classname="testcases.TestCasesNewBooking"/>
  <testcase name="getLastCreatedBookingById" time="1.214" classname="testcases.TestCasesNewBooking"/>
  <testcase name="generateToken" time="1.263" classname="testcases.TestCasesNewBooking"/>
  <testcase name="updateLastCreatedBooking" time="1.252" classname="testcases.TestCasesNewBooking"/>
  <testcase name="getLastUpdatedBooking" time="1.280" classname="testcases.TestCasesNewBooking"/>
  <testcase name="patchLastUpdatedBooking" time="1.395" classname="testcases.TestCasesNewBooking"/>
  <testcase name="deleteLastCreatedBooking" time="1.182" classname="testcases.TestCasesNewBooking"/>
  <testcase name="getLastDeletedBooking" time="1.163" classname="testcases.TestCasesNewBooking"/>
</testsuite> <!-- testcases.TestCasesNewBooking -->
