<?xml version="1.0" encoding="UTF-8"?>
<!-- Generated by org.testng.reporters.JUnitReportReporter -->
<testsuite skipped="0" hostname="T460" name="testcases.TestCasesExistingBooking" tests="9" failures="0" timestamp="01 Aug 2021 09:20:17 GMT" time="15.837" errors="0">
  <testcase name="getListOfBooking" time="4.298" classname="testcases.TestCasesExistingBooking"/>
  <testcase name="getExistingBookingById" time="1.235" classname="testcases.TestCasesExistingBooking"/>
  <testcase name="updateExistingBookingWithoutToken" time="1.731" classname="testcases.TestCasesExistingBooking"/>
  <testcase name="patchExistingBookingWithoutToken" time="1.524" classname="testcases.TestCasesExistingBooking"/>
  <testcase name="generateToken" time="1.881" classname="testcases.TestCasesExistingBooking"/>
  <testcase name="updateExistingBooking" time="1.382" classname="testcases.TestCasesExistingBooking"/>
  <testcase name="getLastUpdatedExistingBooking" time="1.318" classname="testcases.TestCasesExistingBooking"/>
  <testcase name="patchLastUpdatedExistingBooking" time="1.286" classname="testcases.TestCasesExistingBooking"/>
  <testcase name="deleteExistingBooking" time="1.182" classname="testcases.TestCasesExistingBooking"/>
</testsuite> <!-- testcases.TestCasesExistingBooking -->
