<?xml version="1.0" encoding="UTF-8"?>
<!-- Generated by org.testng.reporters.JUnitReportReporter -->
<testsuite skipped="0" hostname="T460" name="testcases.TestCasesNewBooking" tests="9" failures="0" timestamp="01 Aug 2021 10:46:09 GMT" time="11.682" errors="0">
  <testcase name="getListOfBooking" time="1.252" classname="testcases.TestCasesNewBooking"/>
  <testcase name="createBooking" time="1.370" classname="testcases.TestCasesNewBooking"/>
  <testcase name="getLastCreatedBookingById" time="1.319" classname="testcases.TestCasesNewBooking"/>
  <testcase name="generateToken" time="1.190" classname="testcases.TestCasesNewBooking"/>
  <testcase name="updateLastCreatedBooking" time="1.221" classname="testcases.TestCasesNewBooking"/>
  <testcase name="getLastUpdatedBooking" time="1.349" classname="testcases.TestCasesNewBooking"/>
  <testcase name="patchLastUpdatedBooking" time="1.352" classname="testcases.TestCasesNewBooking"/>
  <testcase name="deleteLastCreatedBooking" time="1.292" classname="testcases.TestCasesNewBooking"/>
  <testcase name="getLastDeletedBooking" time="1.337" classname="testcases.TestCasesNewBooking"/>
</testsuite> <!-- testcases.TestCasesNewBooking -->
