<?xml version="1.0" encoding="UTF-8"?>
<!-- Generated by org.testng.reporters.JUnitReportReporter -->
<testsuite skipped="0" hostname="T460" name="testcases.TestCasesExistingBooking" tests="9" failures="0" timestamp="01 Aug 2021 08:57:55 GMT" time="16.737" errors="0">
  <testcase name="getListOfBooking" time="4.002" classname="testcases.TestCasesExistingBooking"/>
  <testcase name="getExistingBookingById" time="1.313" classname="testcases.TestCasesExistingBooking"/>
  <testcase name="updateExistingBookingWithoutToken" time="1.781" classname="testcases.TestCasesExistingBooking"/>
  <testcase name="patchExistingBookingWithoutToken" time="1.535" classname="testcases.TestCasesExistingBooking"/>
  <testcase name="generateToken" time="3.012" classname="testcases.TestCasesExistingBooking"/>
  <testcase name="updateExistingBooking" time="1.317" classname="testcases.TestCasesExistingBooking"/>
  <testcase name="getLastUpdatedExistingBooking" time="1.289" classname="testcases.TestCasesExistingBooking"/>
  <testcase name="patchLastUpdatedExistingBooking" time="1.279" classname="testcases.TestCasesExistingBooking"/>
  <testcase name="deleteExistingBooking" time="1.209" classname="testcases.TestCasesExistingBooking"/>
</testsuite> <!-- testcases.TestCasesExistingBooking -->
