<?xml version="1.0" encoding="UTF-8"?>
<!-- Generated by org.testng.reporters.JUnitReportReporter -->
<testsuite skipped="0" hostname="T460" name="testcases.TestCasesNewBooking" tests="9" failures="0" timestamp="01 Aug 2021 09:20:17 GMT" time="11.075" errors="0">
  <testcase name="getListOfBooking" time="1.187" classname="testcases.TestCasesNewBooking"/>
  <testcase name="createBooking" time="1.280" classname="testcases.TestCasesNewBooking"/>
  <testcase name="getLastCreatedBookingById" time="1.293" classname="testcases.TestCasesNewBooking"/>
  <testcase name="generateToken" time="1.184" classname="testcases.TestCasesNewBooking"/>
  <testcase name="updateLastCreatedBooking" time="1.266" classname="testcases.TestCasesNewBooking"/>
  <testcase name="getLastUpdatedBooking" time="1.201" classname="testcases.TestCasesNewBooking"/>
  <testcase name="patchLastUpdatedBooking" time="1.321" classname="testcases.TestCasesNewBooking"/>
  <testcase name="deleteLastCreatedBooking" time="1.155" classname="testcases.TestCasesNewBooking"/>
  <testcase name="getLastDeletedBooking" time="1.188" classname="testcases.TestCasesNewBooking"/>
</testsuite> <!-- testcases.TestCasesNewBooking -->
